{"game_update":{"game_log":{"format_str":"LOG_CHARACTER_CHOICE","format_args":[{"player":3},{"card":{"name":"DER_SPOT_BURST_RINGER","sign":{"suit":"none","rank":"none"}}}]}}}
{"game_update":{"game_log":{"format_str":"LOG_CHARACTER_CHOICE","format_args":[{"player":4},{"card":{"name":"TEREN_KILL","sign":{"suit":"none","rank":"none"}}}]}}}
{"game_update":{"game_log":{"format_str":"LOG_CHARACTER_CHOICE","format_args":[{"player":5},{"card":{"name":"PAUL_REGRET","sign":{"suit":"none","rank":"none"}}}]}}}
{"game_update":{"game_log":{"format_str":"LOG_CHARACTER_CHOICE","format_args":[{"player":6},{"card":{"name":"APACHE_KID","sign":{"suit":"none","rank":"none"}}}]}}}
{"game_update":{"game_log":{"format_str":"LOG_CHARACTER_CHOICE","format_args":[{"player":7},{"card":{"name":"BELLE_STAR","sign":{"suit":"none","rank":"none"}}}]}}}
{"game_update":{"game_log":{"format_str":"LOG_CHARACTER_CHOICE","format_args":[{"player":8},{"card":{"name":"GARY_LOOTER","sign":{"suit":"none","rank":"none"}}}]}}}
{"game_update":{"game_log":{"format_str":"LOG_CHARACTER_CHOICE","format_args":[{"player":1},{"card":{"name":"PIXIE_PETE","sign":{"suit":"none","rank":"none"}}}]}}}
{"game_update":{"game_log":{"format_str":"LOG_CHARACTER_CHOICE","format_args":[{"player":2},{"card":{"name":"JOHN_PAIN","sign":{"suit":"none","rank":"none"}}}]}}}
{"game_update":{"game_log":{"format_str":"LOG_GAME_START","format_args":[]}}}
{"game_update":{"game_log":{"format_str":"LOG_DRAWN_CARDS","format_args":[{"player":3},{"integer":1}]}}}
{"game_update":{"game_log":{"format_str":"LOG_DRAWN_CARDS","format_args":[{"player":4},{"integer":1}]}}}
{"game_update":{"game_log":{"format_str":"LOG_DRAWN_CARDS","format_args":[{"player":5},{"integer":1}]}}}
{"game_update":{"game_log":{"format_str":"LOG_DRAWN_CARDS","format_args":[{"player":6},{"integer":1}]}}}
{"game_update":{"game_log":{"format_str":"LOG_DRAWN_CARDS","format_args":[{"player":7},{"integer":1}]}}}
{"game_update":{"game_log":{"format_str":"LOG_DRAWN_CARDS","format_args":[{"player":8},{"integer":1}]}}}
{"game_update":{"game_log":{"format_str":"LOG_DRAWN_CARDS","format_args":[{"player":1},{"integer":1}]}}}
{"game_update":{"game_log":{"format_str":"LOG_DRAWN_CARD","format_args":[{"player":2},{"card":{"name":"IRON_PLATE","sign":{"suit":"spades","rank":"rank_Q"}}}]}}}
{"game_update":{"game_log":{"format_str":"LOG_DRAWN_CARDS","format_args":[{"player":3},{"integer":1}]}}}
{"game_update":{"game_log":{"format_str":"LOG_DRAWN_CARDS","format_args":[{"player":4},{"integer":1}]}}}
{"game_update":{"game_log":{"format_str":"LOG_DRAWN_CARDS","format_args":[{"player":5},{"integer":1}]}}}
{"game_update":{"game_log":{"format_str":"LOG_DRAWN_CARDS","format_args":[{"player":6},{"integer":1}]}}}
{"game_update":{"game_log":{"format_str":"LOG_DRAWN_CARDS","format_args":[{"player":7},{"integer":1}]}}}
{"game_update":{"game_log":{"format_str":"LOG_DRAWN_CARDS","format_args":[{"player":8},{"integer":1}]}}}
{"game_update":{"game_log":{"format_str":"LOG_DRAWN_CARDS","format_args":[{"player":1},{"integer":1}]}}}
{"game_update":{"game_log":{"format_str":"LOG_DRAWN_CARD","format_args":[{"player":2},{"card":{"name":"BANG","sign":{"suit":"clubs","rank":"rank_2"}}}]}}}
{"game_update":{"game_log":{"format_str":"LOG_DRAWN_CARDS","format_args":[{"player":3},{"integer":1}]}}}
{"game_update":{"game_log":{"format_str":"LOG_DRAWN_CARDS","format_args":[{"player":4},{"integer":1}]}}}
{"game_update":{"game_log":{"format_str":"LOG_DRAWN_CARDS","format_args":[{"player":5},{"integer":1}]}}}
{"game_update":{"game_log":{"format_str":"LOG_DRAWN_CARDS","format_args":[{"player":6},{"integer":1}]}}}
{"game_update":{"game_log":{"format_str":"LOG_DRAWN_CARDS","format_args":[{"player":7},{"integer":1}]}}}
{"game_update":{"game_log":{"format_str":"LOG_DRAWN_CARDS","format_args":[{"player":8},{"integer":1}]}}}
{"game_update":{"game_log":{"format_str":"LOG_DRAWN_CARDS","format_args":[{"player":1},{"integer":1}]}}}
{"game_update":{"game_log":{"format_str":"LOG_DRAWN_CARD","format_args":[{"player":2},{"card":{"name":"GENERAL_STORE","sign":{"suit":"spades","rank":"rank_A"}}}]}}}
{"game_update":{"game_log":{"format_str":"LOG_DRAWN_CARDS","format_args":[{"player":3},{"integer":1}]}}}
{"game_update":{"game_log":{"format_str":"LOG_DRAWN_CARDS","format_args":[{"player":7},{"integer":1}]}}}
{"game_update":{"game_log":{"format_str":"LOG_DRAWN_CARDS","format_args":[{"player":8},{"integer":1}]}}}
{"game_update":{"game_log":{"format_str":"LOG_DRAWN_CARD","format_args":[{"player":2},{"card":{"name":"LEMAT","sign":{"suit":"diamonds","rank":"rank_4"}}}]}}}
{"game_update":{"game_log":{"format_str":"LOG_DRAWN_CARDS","format_args":[{"player":3},{"integer":1}]}}}
{"game_update":{"game_log":{"format_str":"LOG_DRAWN_CARDS","format_args":[{"player":8},{"integer":1}]}}}
{"game_update":{"game_log":{"format_str":"LOG_TURN_START","format_args":[{"player":3}]}}}
{"game_update":{"game_log":{"format_str":"LOG_DRAWN_CARDS","format_args":[{"player":3},{"integer":1}]}}}
{"game_update":{"game_log":{"format_str":"LOG_DRAWN_CARDS","format_args":[{"player":3},{"integer":1}]}}}
{"game_update":{"game_log":{"format_str":"LOG_EQUIPPED_CARD","format_args":[{"card":{"name":"CANTEEN","sign":{"suit":"hearts","rank":"rank_7"}}},{"player":3}]}}}
{"game_update":{"game_log":{"format_str":"LOG_PLAYED_CARD_DESTROY_HAND","format_args":[{"card":{"name":"CAT_BALOU","sign":{"suit":"diamonds","rank":"rank_J"}}},{"player":3},{"player":2}]}}}
{"game_update":{"game_log":{"format_str":"LOG_DISCARDED_CARD","format_args":[{"player":3},{"player":2},{"card":{"name":"GENERAL_STORE","sign":{"suit":"spades","rank":"rank_A"}}}]}}}
{"game_update":{"game_log":{"format_str":"LOG_EQUIPPED_CARD","format_args":[{"card":{"name":"HIDEOUT","sign":{"suit":"diamonds","rank":"rank_K"}}},{"player":3}]}}}
{"game_update":{"game_log":{"format_str":"LOG_PLAYED_CARD","format_args":[{"card":{"name":"STAGECOACH","sign":{"suit":"spades","rank":"rank_9"}}},{"player":3}]}}}
{"game_update":{"game_log":{"format_str":"LOG_DRAWN_CARDS_FOR","format_args":[{"player":3},{"integer":2},{"card":{"name":"STAGECOACH","sign":{"suit":"spades","rank":"rank_9"}}}]}}}
{"game_update":{"game_log":{"format_str":"LOG_DRAWN_SCENARIO_CARD","format_args":[{"card":{"name":"LADY_ROSA_OF_TEXAS","sign":{"suit":"none","rank":"none"}}}]}}}
{"game_update":{"game_log":{"format_str":"LOG_EQUIPPED_CARD","format_args":[{"card":{"name":"TEN_GALLON_HAT","sign":{"suit":"diamonds","rank":"rank_J"}}},{"player":3}]}}}
{"game_update":{"game_log":{"format_str":"LOG_PLAYED_CARD_ON","format_args":[{"card":{"name":"BANG","sign":{"suit":"hearts","rank":"rank_Q"}}},{"player":3},{"player":2}]}}}
{"game_update":{"game_log":{"format_str":"LOG_TAKEN_DAMAGE","format_args":[{"card":{"name":"BANG","sign":{"suit":"hearts","rank":"rank_Q"}}},{"player":2},{"integer":1}]}}}
{"game_update":{"game_log":{"format_str":"LOG_DISCARDED_SELF_CARD","format_args":[{"player":3},{"card":{"name":"BANDIDOS","sign":{"suit":"diamonds","rank":"rank_Q"}}}]}}}
{"game_update":{"game_log":{"format_str":"LOG_PLAYED_CARD_DESTROY_HAND","format_args":[{"card":{"name":"BRAWL","sign":{"suit":"spades","rank":"rank_J"}}},{"player":3},{"player":4}]}}}
{"game_update":{"game_log":{"format_str":"LOG_DISCARDED_CARD","format_args":[{"player":3},{"player":4},{"card":{"name":"BARREL","sign":{"suit":"spades","rank":"rank_Q"}}}]}}}
{"game_update":{"game_log":{"format_str":"LOG_PLAYED_CARD_DESTROY_HAND","format_args":[{"card":{"name":"BRAWL","sign":{"suit":"spades","rank":"rank_J"}}},{"player":3},{"player":5}]}}}
{"game_update":{"game_log":{"format_str":"LOG_DISCARDED_CARD","format_args":[{"player":3},{"player":5},{"card":{"name":"SPRINGFIELD","sign":{"suit":"spades","rank":"rank_K"}}}]}}}
{"game_update":{"game_log":{"format_str":"LOG_PLAYED_CARD_DESTROY_HAND","format_args":[{"card":{"name":"BRAWL","sign":{"suit":"spades","rank":"rank_J"}}},{"player":3},{"player":6}]}}}
{"game_update":{"game_log":{"format_str":"LOG_DISCARDED_CARD","format_args":[{"player":3},{"player":6},{"card":{"name":"BANG","sign":{"suit":"diamonds","rank":"rank_J"}}}]}}}
{"game_update":{"game_log":{"format_str":"LOG_PLAYED_CARD_DESTROY_HAND","format_args":[{"card":{"name":"BRAWL","sign":{"suit":"spades","rank":"rank_J"}}},{"player":3},{"player":7}]}}}
{"game_update":{"game_log":{"format_str":"LOG_DISCARDED_CARD","format_args":[{"player":3},{"player":7},{"card":{"name":"REMINGTON","sign":{"suit":"diamonds","rank":"rank_6"}}}]}}}
{"game_update":{"game_log":{"format_str":"LOG_PLAYED_CARD_DESTROY_HAND","format_args":[{"card":{"name":"BRAWL","sign":{"suit":"spades","rank":"rank_J"}}},{"player":3},{"player":8}]}}}
{"game_update":{"game_log":{"format_str":"LOG_DISCARDED_CARD","format_args":[{"player":3},{"player":8},{"card":{"name":"SCHOFIELD","sign":{"suit":"clubs","rank":"rank_J"}}}]}}}
{"game_update":{"game_log":{"format_str":"LOG_PLAYED_CARD_DESTROY_HAND","format_args":[{"card":{"name":"BRAWL","sign":{"suit":"spades","rank":"rank_J"}}},{"player":3},{"player":1}]}}}
{"game_update":{"game_log":{"format_str":"LOG_DISCARDED_CARD","format_args":[{"player":3},{"player":1},{"card":{"name":"PANIC","sign":{"suit":"hearts","rank":"rank_J"}}}]}}}
{"game_update":{"game_log":{"format_str":"LOG_PLAYED_CARD_DESTROY_HAND","format_args":[{"card":{"name":"BRAWL","sign":{"suit":"spades","rank":"rank_J"}}},{"player":3},{"player":2}]}}}
{"game_update":{"game_log":{"format_str":"LOG_DISCARDED_CARD","format_args":[{"player":3},{"player":2},{"card":{"name":"IRON_PLATE","sign":{"suit":"spades","rank":"rank_Q"}}}]}}}
{"game_update":{"game_log":{"format_str":"LOG_PLAYED_CHARACTER","format_args":[{"card":{"name":"DER_SPOT_BURST_RINGER","sign":{"suit":"none","rank":"none"}}},{"player":3}]}}}
{"game_update":{"game_log":{"format_str":"LOG_PLAYED_CARD_AS_GATLING","format_args":[{"card":{"name":"BANG","sign":{"suit":"diamonds","rank":"rank_6"}}},{"player":3}]}}}
{"game_update":{"game_log":{"format_str":"LOG_TAKEN_DAMAGE_AS_GATLING","format_args":[{"card":{"name":"BANG","sign":{"suit":"diamonds","rank":"rank_6"}}},{"player":4}]}}}
{"game_update":{"game_log":{"format_str":"LOG_RESPONDED_WITH_CARD","format_args":[{"card":{"name":"DODGE","sign":{"suit":"diamonds","rank":"rank_7"}}},{"player":5}]}}}
{"game_update":{"game_log":{"format_str":"LOG_DRAWN_CARDS_FOR","format_args":[{"player":5},{"integer":1},{"card":{"name":"DODGE","sign":{"suit":"diamonds","rank":"rank_7"}}}]}}}
{"game_update":{"game_log":{"format_str":"LOG_PLAYER_IMMUNE_TO_CARD","format_args":[{"player":6},{"card":{"name":"BANG","sign":{"suit":"diamonds","rank":"rank_6"}}},{"card":{"name":"APACHE_KID","sign":{"suit":"none","rank":"none"}}}]}}}
{"game_update":{"game_log":{"format_str":"LOG_TAKEN_DAMAGE_AS_GATLING","format_args":[{"card":{"name":"BANG","sign":{"suit":"diamonds","rank":"rank_6"}}},{"player":7}]}}}
{"game_update":{"game_log":{"format_str":"LOG_TAKEN_DAMAGE_AS_GATLING","format_args":[{"card":{"name":"BANG","sign":{"suit":"diamonds","rank":"rank_6"}}},{"player":8}]}}}
{"game_update":{"game_log":{"format_str":"LOG_RESPONDED_WITH_CARD","format_args":[{"card":{"name":"MISSED","sign":{"suit":"clubs","rank":"rank_10"}}},{"player":1}]}}}
{"game_update":{"game_log":{"format_str":"LOG_TAKEN_DAMAGE_AS_GATLING","format_args":[{"card":{"name":"BANG","sign":{"suit":"diamonds","rank":"rank_6"}}},{"player":2}]}}}
{"game_update":{"game_log":{"format_str":"LOG_TURN_START","format_args":[{"player":4}]}}}
{"game_update":{"game_log":{"format_str":"LOG_DRAWN_CARDS","format_args":[{"player":4},{"integer":1}]}}}
{"game_update":{"game_log":{"format_str":"LOG_DRAWN_CARDS","format_args":[{"player":4},{"integer":1}]}}}
{"game_update":{"game_log":{"format_str":"LOG_PLAYED_CARD","format_args":[{"card":{"name":"BEER","sign":{"suit":"hearts","rank":"rank_8"}}},{"player":4}]}}}
{"game_update":{"game_log":{"format_str":"LOG_HEALED","format_args":[{"player":4},{"integer":1}]}}}
{"game_update":{"game_log":{"format_str":"LOG_TURN_START","format_args":[{"player":5}]}}}
{"game_update":{"game_log":{"format_str":"LOG_DRAWN_CARDS","format_args":[{"player":5},{"integer":1}]}}}
{"game_update":{"game_log":{"format_str":"LOG_DRAWN_CARDS","format_args":[{"player":5},{"integer":1}]}}}
{"game_update":{"game_log":{"format_str":"LOG_EQUIPPED_CARD","format_args":[{"card":{"name":"KNIFE","sign":{"suit":"hearts","rank":"rank_8"}}},{"player":5}]}}}
{"game_update":{"game_log":{"format_str":"LOG_EQUIPPED_CARD","format_args":[{"card":{"name":"BIBLE","sign":{"suit":"hearts","rank":"rank_10"}}},{"player":5}]}}}
{"game_update":{"game_log":{"format_str":"LOG_EQUIPPED_CARD","format_args":[{"card":{"name":"SOMBRERO","sign":{"suit":"clubs","rank":"rank_7"}}},{"player":5}]}}}
{"game_update":{"game_log":{"format_str":"LOG_PLAYED_CARD_DESTROY_HAND","format_args":[{"card":{"name":"CAT_BALOU","sign":{"suit":"clubs","rank":"rank_8"}}},{"player":5},{"player":2}]}}}
{"game_update":{"game_log":{"format_str":"LOG_DISCARDED_CARD","format_args":[{"player":5},{"player":2},{"card":{"name":"BANG","sign":{"suit":"clubs","rank":"rank_2"}}}]}}}
{"game_update":{"game_log":{"format_str":"LOG_TURN_START","format_args":[{"player":6}]}}}
{"game_update":{"game_log":{"format_str":"LOG_DRAWN_CARDS","format_args":[{"player":6},{"integer":1}]}}}
{"game_update":{"game_log":{"format_str":"LOG_DRAWN_CARDS","format_args":[{"player":6},{"integer":1}]}}}
{"game_update":{"game_log":{"format_str":"LOG_EQUIPPED_CARD","format_args":[{"card":{"name":"WINCHESTER","sign":{"suit":"spades","rank":"rank_8"}}},{"player":6}]}}}
{"game_update":{"game_log":{"format_str":"LOG_EQUIPPED_CARD","format_args":[{"card":{"name":"PONY_EXPRESS","sign":{"suit":"diamonds","rank":"rank_Q"}}},{"player":6}]}}}
{"game_update":{"game_log":{"format_str":"LOG_EQUIPPED_CARD","format_args":[{"card":{"name":"VOLCANIC","sign":{"suit":"clubs","rank":"rank_10"}}},{"player":6}]}}}
{"game_update":{"game_log":{"format_str":"LOG_DISCARDED_SELF_CARD","format_args":[{"player":6},{"card":{"name":"WINCHESTER","sign":{"suit":"spades","rank":"rank_8"}}}]}}}
{"game_update":{"game_log":{"format_str":"LOG_TURN_START","format_args":[{"player":7}]}}}
{"game_update":{"game_log":{"format_str":"LOG_DRAWN_CARDS","format_args":[{"player":7},{"integer":1}]}}}
{"game_update":{"game_log":{"format_str":"LOG_DRAWN_CARDS","format_args":[{"player":7},{"integer":1}]}}}
{"game_update":{"game_log":{"format_str":"LOG_PLAYED_CARD_ON","format_args":[{"card":{"name":"BANG","sign":{"suit":"diamonds","rank":"rank_2"}}},{"player":7},{"player":8}]}}}
{"game_update":{"game_log":{"format_str":"LOG_TAKEN_DAMAGE","format_args":[{"card":{"name":"BANG","sign":{"suit":"diamonds","rank":"rank_2"}}},{"player":8},{"integer":1}]}}}
{"game_update":{"game_log":{"format_str":"LOG_PLAYED_CARD","format_args":[{"card":{"name":"WELLS_FARGO","sign":{"suit":"hearts","rank":"rank_3"}}},{"player":7}]}}}
{"game_update":{"game_log":{"format_str":"LOG_DRAWN_CARDS_FOR","format_args":[{"player":7},{"integer":3},{"card":{"name":"WELLS_FARGO","sign":{"suit":"hearts","rank":"rank_3"}}}]}}}
{"game_update":{"game_log":{"format_str":"LOG_DRAWN_SCENARIO_CARD","format_args":[{"card":{"name":"HELENA_ZONTERO","sign":{"suit":"none","rank":"none"}}}]}}}
{"game_update":{"game_log":{"format_str":"LOG_CHECK_DREW_CARD","format_args":[{"card":{"name":"HELENA_ZONTERO","sign":{"suit":"none","rank":"none"}}},{"player":null},{"card":{"name":"BANG","sign":{"suit":"diamonds","rank":"rank_5"}}}]}}}
{"game_update":{"game_log":{"format_str":"LOG_EQUIPPED_CARD","format_args":[{"card":{"name":"REV_CARABINE","sign":{"suit":"clubs","rank":"rank_A"}}},{"player":7}]}}}
{"game_update":{"game_log":{"format_str":"LOG_PLAYED_CARD","format_args":[{"card":{"name":"POKER","sign":{"suit":"hearts","rank":"rank_J"}}},{"player":7}]}}}
{"game_update":{"game_log":{"format_str":"LOG_DISCARDED_A_CARD_FOR","format_args":[{"card":{"name":"POKER","sign":{"suit":"hearts","rank":"rank_J"}}},{"player":8}]}}}
{"game_update":{"game_log":{"format_str":"LOG_DISCARDED_A_CARD_FOR","format_args":[{"card":{"name":"POKER","sign":{"suit":"hearts","rank":"rank_J"}}},{"player":1}]}}}
{"game_update":{"game_log":{"format_str":"LOG_DISCARDED_CARD_FOR","format_args":[{"card":{"name":"POKER","sign":{"suit":"hearts","rank":"rank_J"}}},{"player":2},{"card":{"name":"LEMAT","sign":{"suit":"diamonds","rank":"rank_4"}}}]}}}
{"game_update":{"game_log":{"format_str":"LOG_DISCARDED_A_CARD_FOR","format_args":[{"card":{"name":"POKER","sign":{"suit":"hearts","rank":"rank_J"}}},{"player":4}]}}}
{"game_update":{"game_log":{"format_str":"LOG_DISCARDED_A_CARD_FOR","format_args":[{"card":{"name":"POKER","sign":{"suit":"hearts","rank":"rank_J"}}},{"player":6}]}}}
{"game_update":{"game_log":{"format_str":"LOG_POKER_REVEAL","format_args":[{"card":{"name":"POKER","sign":{"suit":"hearts","rank":"rank_J"}}},{"card":{"name":"PUNCH","sign":{"suit":"spades","rank":"rank_10"}}}]}}}
{"game_update":{"game_log":{"format_str":"LOG_POKER_REVEAL","format_args":[{"card":{"name":"POKER","sign":{"suit":"hearts","rank":"rank_J"}}},{"card":{"name":"REMINGTON","sign":{"suit":"clubs","rank":"rank_K"}}}]}}}
{"game_update":{"game_log":{"format_str":"LOG_POKER_REVEAL","format_args":[{"card":{"name":"POKER","sign":{"suit":"hearts","rank":"rank_J"}}},{"card":{"name":"LEMAT","sign":{"suit":"diamonds","rank":"rank_4"}}}]}}}
{"game_update":{"game_log":{"format_str":"LOG_POKER_REVEAL","format_args":[{"card":{"name":"POKER","sign":{"suit":"hearts","rank":"rank_J"}}},{"card":{"name":"SAVED","sign":{"suit":"hearts","rank":"rank_5"}}}]}}}
{"game_update":{"game_log":{"format_str":"LOG_POKER_REVEAL","format_args":[{"card":{"name":"POKER","sign":{"suit":"hearts","rank":"rank_J"}}},{"card":{"name":"VOLCANIC","sign":{"suit":"spades","rank":"rank_10"}}}]}}}
{"game_update":{"game_log":{"format_str":"LOG_DRAWN_CARD","format_args":[{"player":7},{"card":{"name":"SAVED","sign":{"suit":"hearts","rank":"rank_5"}}}]}}}
{"game_update":{"game_log":{"format_str":"LOG_DRAWN_CARD","format_args":[{"player":7},{"card":{"name":"REMINGTON","sign":{"suit":"clubs","rank":"rank_K"}}}]}}}
{"game_update":{"game_log":{"format_str":"LOG_PLAYED_CARD_DESTROY","format_args":[{"card":{"name":"CAT_BALOU","sign":{"suit":"diamonds","rank":"rank_10"}}},{"player":7},{"player":5},{"card":{"name":"KNIFE","sign":{"suit":"hearts","rank":"rank_8"}}}]}}}
{"game_update":{"game_log":{"format_str":"LOG_EQUIPPED_CARD","format_args":[{"card":{"name":"REMINGTON","sign":{"suit":"clubs","rank":"rank_K"}}},{"player":7}]}}}
{"game_update":{"game_log":{"format_str":"LOG_DISCARDED_SELF_CARD","format_args":[{"player":7},{"card":{"name":"REV_CARABINE","sign":{"suit":"clubs","rank":"rank_A"}}}]}}}
{"game_update":{"game_log":{"format_str":"LOG_PLAYED_CARD","format_args":[{"card":{"name":"INDIANS","sign":{"suit":"diamonds","rank":"rank_5"}}},{"player":7}]}}}
{"game_update":{"game_log":{"format_str":"LOG_TAKEN_DAMAGE","format_args":[{"card":{"name":"INDIANS","sign":{"suit":"diamonds","rank":"rank_5"}}},{"player":8},{"integer":1}]}}}
{"game_update":{"game_log":{"format_str":"LOG_TAKEN_DAMAGE","format_args":[{"card":{"name":"INDIANS","sign":{"suit":"diamonds","rank":"rank_5"}}},{"player":1},{"integer":1}]}}}
{"game_update":{"game_log":{"format_str":"LOG_TAKEN_DAMAGE","format_args":[{"card":{"name":"INDIANS","sign":{"suit":"diamonds","rank":"rank_5"}}},{"player":3},{"integer":1}]}}}
{"game_update":{"game_log":{"format_str":"LOG_TAKEN_DAMAGE","format_args":[{"card":{"name":"INDIANS","sign":{"suit":"diamonds","rank":"rank_5"}}},{"player":2},{"integer":1}]}}}
{"game_update":{"game_log":{"format_str":"LOG_RESPONDED_WITH_CARD","format_args":[{"card":{"name":"BANG","sign":{"suit":"clubs","rank":"rank_3"}}},{"player":4}]}}}
{"game_update":{"game_log":{"format_str":"LOG_PLAYER_IMMUNE_TO_CARD","format_args":[{"player":6},{"card":{"name":"INDIANS","sign":{"suit":"diamonds","rank":"rank_5"}}},{"card":{"name":"APACHE_KID","sign":{"suit":"none","rank":"none"}}}]}}}
{"game_update":{"game_log":{"format_str":"LOG_TAKEN_DAMAGE","format_args":[{"card":{"name":"INDIANS","sign":{"suit":"diamonds","rank":"rank_5"}}},{"player":5},{"integer":1}]}}}
{"game_update":{"game_log":{"format_str":"LOG_PLAYED_CARD","format_args":[{"card":{"name":"TORNADO","sign":{"suit":"clubs","rank":"rank_A"}}},{"player":7}]}}}
{"game_update":{"game_log":{"format_str":"LOG_DISCARDED_CARD_FOR","format_args":[{"card":{"name":"TORNADO","sign":{"suit":"clubs","rank":"rank_A"}}},{"player":7},{"card":{"name":"SAVED","sign":{"suit":"hearts","rank":"rank_5"}}}]}}}
{"game_update":{"game_log":{"format_str":"LOG_DRAWN_CARDS_FOR","format_args":[{"player":7},{"integer":2},{"card":{"name":"TORNADO","sign":{"suit":"clubs","rank":"rank_A"}}}]}}}
{"game_update":{"game_log":{"format_str":"LOG_DISCARDED_CARD_FOR","format_args":[{"card":{"name":"TORNADO","sign":{"suit":"clubs","rank":"rank_A"}}},{"player":8},{"card":{"name":"GENERAL_STORE","sign":{"suit":"spades","rank":"rank_Q"}}}]}}}
{"game_update":{"game_log":{"format_str":"LOG_DRAWN_CARDS_FOR","format_args":[{"player":8},{"integer":2},{"card":{"name":"TORNADO","sign":{"suit":"clubs","rank":"rank_A"}}}]}}}
{"game_update":{"game_log":{"format_str":"LOG_DRAWN_CARDS_FOR","format_args":[{"player":1},{"integer":2},{"card":{"name":"TORNADO","sign":{"suit":"clubs","rank":"rank_A"}}}]}}}
{"game_update":{"game_log":{"format_str":"LOG_DRAWN_CARDS_FOR","format_args":[{"player":3},{"integer":2},{"card":{"name":"TORNADO","sign":{"suit":"clubs","rank":"rank_A"}}}]}}}
{"game_update":{"game_log":{"format_str":"LOG_DRAWN_CARD_FOR","format_args":[{"player":2},{"card":{"name":"BANG","sign":{"suit":"diamonds","rank":"rank_9"}}},{"card":{"name":"TORNADO","sign":{"suit":"clubs","rank":"rank_A"}}}]}}}
{"game_update":{"game_log":{"format_str":"LOG_DRAWN_CARD_FOR","format_args":[{"player":2},{"card":{"name":"TEQUILA","sign":{"suit":"clubs","rank":"rank_9"}}},{"card":{"name":"TORNADO","sign":{"suit":"clubs","rank":"rank_A"}}}]}}}
{"game_update":{"game_log":{"format_str":"LOG_DISCARDED_CARD_FOR","format_args":[{"card":{"name":"TORNADO","sign":{"suit":"clubs","rank":"rank_A"}}},{"player":4},{"card":{"name":"BANG","sign":{"suit":"diamonds","rank":"rank_A"}}}]}}}
{"game_update":{"game_log":{"format_str":"LOG_DRAWN_CARDS_FOR","format_args":[{"player":4},{"integer":2},{"card":{"name":"TORNADO","sign":{"suit":"clubs","rank":"rank_A"}}}]}}}
{"game_update":{"game_log":{"format_str":"LOG_DRAWN_CARDS_FOR","format_args":[{"player":6},{"integer":2},{"card":{"name":"TORNADO","sign":{"suit":"clubs","rank":"rank_A"}}}]}}}
{"game_update":{"game_log":{"format_str":"LOG_DRAWN_CARDS_FOR","format_args":[{"player":5},{"integer":2},{"card":{"name":"TORNADO","sign":{"suit":"clubs","rank":"rank_A"}}}]}}}
{"game_update":{"game_log":{"format_str":"LOG_EQUIPPED_CARD","format_args":[{"card":{"name":"BUFFALO_RIFLE","sign":{"suit":"clubs","rank":"rank_9"}}},{"player":7}]}}}
{"game_update":{"game_log":{"format_str":"LOG_PLAYED_CARD","format_args":[{"card":{"name":"INDIANS","sign":{"suit":"diamonds","rank":"rank_A"}}},{"player":7}]}}}
{"game_update":{"game_log":{"format_str":"LOG_TAKEN_DAMAGE","format_args":[{"card":{"name":"INDIANS","sign":{"suit":"diamonds","rank":"rank_A"}}},{"player":8},{"integer":1}]}}}
{"game_update":{"game_log":{"format_str":"LOG_TAKEN_DAMAGE","format_args":[{"card":{"name":"INDIANS","sign":{"suit":"diamonds","rank":"rank_A"}}},{"player":1},{"integer":1}]}}}
{"game_update":{"game_log":{"format_str":"LOG_TAKEN_DAMAGE","format_args":[{"card":{"name":"INDIANS","sign":{"suit":"diamonds","rank":"rank_A"}}},{"player":3},{"integer":1}]}}}
{"game_update":{"game_log":{"format_str":"LOG_RESPONDED_WITH_CARD","format_args":[{"card":{"name":"BANG","sign":{"suit":"diamonds","rank":"rank_9"}}},{"player":2}]}}}
{"game_update":{"game_log":{"format_str":"LOG_TAKEN_DAMAGE","format_args":[{"card":{"name":"INDIANS","sign":{"suit":"diamonds","rank":"rank_A"}}},{"player":4},{"integer":1}]}}}
{"game_update":{"game_log":{"format_str":"LOG_PLAYER_IMMUNE_TO_CARD","format_args":[{"player":6},{"card":{"name":"INDIANS","sign":{"suit":"diamonds","rank":"rank_A"}}},{"card":{"name":"APACHE_KID","sign":{"suit":"none","rank":"none"}}}]}}}
{"game_update":{"game_log":{"format_str":"LOG_TAKEN_DAMAGE","format_args":[{"card":{"name":"INDIANS","sign":{"suit":"diamonds","rank":"rank_A"}}},{"player":5},{"integer":1}]}}}
{"game_update":{"game_log":{"format_str":"LOG_TURN_START","format_args":[{"player":8}]}}}
{"game_update":{"game_log":{"format_str":"LOG_DRAWN_CARDS","format_args":[{"player":8},{"integer":1}]}}}
{"game_update":{"game_log":{"format_str":"LOG_DRAWN_CARDS","format_args":[{"player":8},{"integer":1}]}}}
{"game_update":{"game_log":{"format_str":"LOG_EQUIPPED_CARD","format_args":[{"card":{"name":"DERRINGER","sign":{"suit":"spades","rank":"rank_7"}}},{"player":8}]}}}
{"game_update":{"game_log":{"format_str":"LOG_EQUIPPED_CARD","format_args":[{"card":{"name":"SCOPE","sign":{"suit":"spades","rank":"rank_A"}}},{"player":8}]}}}
{"game_update":{"game_log":{"format_str":"LOG_PLAYED_CARD","format_args":[{"card":{"name":"BEER","sign":{"suit":"hearts","rank":"rank_9"}}},{"player":8}]}}}
{"game_update":{"game_log":{"format_str":"LOG_HEALED","format_args":[{"player":8},{"integer":1}]}}}
{"game_update":{"game_log":{"format_str":"LOG_EQUIPPED_CARD","format_args":[{"card":{"name":"CONESTOGA","sign":{"suit":"diamonds","rank":"rank_9"}}},{"player":8}]}}}
{"game_update":{"game_log":{"format_str":"LOG_PLAYED_CARD_ON","format_args":[{"card":{"name":"DUEL","sign":{"suit":"diamonds","rank":"rank_Q"}}},{"player":8},{"player":5}]}}}
{"game_update":{"game_log":{"format_str":"LOG_RESPONDED_WITH_CARD","format_args":[{"card":{"name":"BANG","sign":{"suit":"diamonds","rank":"rank_K"}}},{"player":5}]}}}
{"game_update":{"game_log":{"format_str":"LOG_TAKEN_DAMAGE","format_args":[{"card":{"name":"DUEL","sign":{"suit":"diamonds","rank":"rank_Q"}}},{"player":8},{"integer":1}]}}}
{"game_update":{"game_log":{"format_str":"LOG_TURN_START","format_args":[{"player":1}]}}}
{"game_update":{"game_log":{"format_str":"LOG_DRAWN_CARDS","format_args":[{"player":1},{"integer":1}]}}}
{"game_update":{"game_log":{"format_str":"LOG_DRAWN_CARDS","format_args":[{"player":1},{"integer":1}]}}}
{"game_update":{"game_log":{"format_str":"LOG_DRAWN_CARDS","format_args":[{"player":1},{"integer":1}]}}}
{"game_update":{"game_log":{"format_str":"LOG_PLAYED_CARD","format_args":[{"card":{"name":"GENERAL_STORE","sign":{"suit":"clubs","rank":"rank_9"}}},{"player":1}]}}}
{"game_update":{"game_log":{"format_str":"LOG_DRAWN_FROM_GENERALSTORE","format_args":[{"player":1},{"card":{"name":"SCHOFIELD","sign":{"suit":"clubs","rank":"rank_Q"}}},{"card":{"name":"GENERAL_STORE","sign":{"suit":"clubs","rank":"rank_9"}}}]}}}
{"game_update":{"game_log":{"format_str":"LOG_DRAWN_FROM_GENERALSTORE","format_args":[{"player":3},{"card":{"name":"FANNING","sign":{"suit":"spades","rank":"rank_2"}}},{"card":{"name":"GENERAL_STORE","sign":{"suit":"clubs","rank":"rank_9"}}}]}}}
{"game_update":{"game_log":{"format_str":"LOG_DRAWN_FROM_GENERALSTORE","format_args":[{"player":2},{"card":{"name":"BANG","sign":{"suit":"spades","rank":"rank_A"}}},{"card":{"name":"GENERAL_STORE","sign":{"suit":"clubs","rank":"rank_9"}}}]}}}
{"game_update":{"game_log":{"format_str":"LOG_DRAWN_FROM_GENERALSTORE","format_args":[{"player":4},{"card":{"name":"BANG","sign":{"suit":"diamonds","rank":"rank_3"}}},{"card":{"name":"GENERAL_STORE","sign":{"suit":"clubs","rank":"rank_9"}}}]}}}
{"game_update":{"game_log":{"format_str":"LOG_DRAWN_FROM_GENERALSTORE","format_args":[{"player":6},{"card":{"name":"BANG","sign":{"suit":"clubs","rank":"rank_6"}}},{"card":{"name":"GENERAL_STORE","sign":{"suit":"clubs","rank":"rank_9"}}}]}}}
{"game_update":{"game_log":{"format_str":"LOG_DRAWN_FROM_GENERALSTORE","format_args":[{"player":5},{"card":{"name":"MISSED","sign":{"suit":"spades","rank":"rank_4"}}},{"card":{"name":"GENERAL_STORE","sign":{"suit":"clubs","rank":"rank_9"}}}]}}}
{"game_update":{"game_log":{"format_str":"LOG_DRAWN_FROM_GENERALSTORE","format_args":[{"player":7},{"card":{"name":"SALOON","sign":{"suit":"hearts","rank":"rank_5"}}},{"card":{"name":"GENERAL_STORE","sign":{"suit":"clubs","rank":"rank_9"}}}]}}}
{"game_update":{"game_log":{"format_str":"LOG_DRAWN_FROM_GENERALSTORE","format_args":[{"player":8},{"card":{"name":"BANG","sign":{"suit":"clubs","rank":"rank_9"}}},{"card":{"name":"GENERAL_STORE","sign":{"suit":"clubs","rank":"rank_9"}}}]}}}
{"game_update":{"game_log":{"format_str":"LOG_EQUIPPED_CARD","format_args":[{"card":{"name":"BARREL","sign":{"suit":"spades","rank":"rank_K"}}},{"player":1}]}}}
{"game_update":{"game_log":{"format_str":"LOG_EQUIPPED_CARD","format_args":[{"card":{"name":"SCHOFIELD","sign":{"suit":"clubs","rank":"rank_Q"}}},{"player":1}]}}}
{"game_update":{"game_log":{"format_str":"LOG_PLAYED_CARD_STEAL","format_args":[{"card":{"name":"PANIC","sign":{"suit":"hearts","rank":"rank_Q"}}},{"player":1},{"player":8},{"card":{"name":"SCOPE","sign":{"suit":"spades","rank":"rank_A"}}}]}}}
{"game_update":{"game_log":{"format_str":"LOG_RESPONDED_WITH_CARD","format_args":[{"card":{"name":"ESCAPE","sign":{"suit":"hearts","rank":"rank_3"}}},{"player":8}]}}}
{"game_update":{"game_log":{"format_str":"LOG_PLAYED_CARD_ON","format_args":[{"card":{"name":"BANG","sign":{"suit":"clubs","rank":"rank_K"}}},{"player":1},{"player":8}]}}}
{"game_update":{"game_log":{"format_str":"LOG_TAKEN_DAMAGE","format_args":[{"card":{"name":"BANG","sign":{"suit":"clubs","rank":"rank_K"}}},{"player":8},{"integer":1}]}}}
{"game_update":{"game_log":{"format_str":"LOG_PLAYER_KILLED","format_args":[{"player":1},{"player":8}]}}}
{"game_update":{"game_log":{"format_str":"LOG_KILLED_OUTLAW","format_args":[{"player":1}]}}}
{"game_update":{"game_log":{"format_str":"LOG_DRAWN_CARDS","format_args":[{"player":1},{"integer":3}]}}}
{"game_update":{"game_log":{"format_str":"LOG_DISCARDED_SELF_CARD","format_args":[{"player":8},{"card":{"name":"DERRINGER","sign":{"suit":"spades","rank":"rank_7"}}}]}}}
{"game_update":{"game_log":{"format_str":"LOG_DISCARDED_SELF_CARD","format_args":[{"player":8},{"card":{"name":"BANG","sign":{"suit":"clubs","rank":"rank_9"}}}]}}}
{"game_update":{"game_log":{"format_str":"LOG_DISCARDED_SELF_CARD","format_args":[{"player":8},{"card":{"name":"CONESTOGA","sign":{"suit":"diamonds","rank":"rank_9"}}}]}}}
{"game_update":{"game_log":{"format_str":"LOG_DISCARDED_SELF_CARD","format_args":[{"player":8},{"card":{"name":"SCOPE","sign":{"suit":"spades","rank":"rank_A"}}}]}}}
{"game_update":{"game_log":{"format_str":"LOG_PLAYED_CARD","format_args":[{"card":{"name":"BEER","sign":{"suit":"hearts","rank":"rank_6"}}},{"player":1}]}}}
{"game_update":{"game_log":{"format_str":"LOG_HEALED","format_args":[{"player":1},{"integer":1}]}}}
{"game_update":{"game_log":{"format_str":"LOG_PLAYED_CARD_STEAL_HAND","format_args":[{"card":{"name":"PANIC","sign":{"suit":"hearts","rank":"rank_J"}}},{"player":1},{"player":7}]}}}
{"game_update":{"game_log":{"format_str":"LOG_PLAYED_CARD_STEAL","format_args":[{"card":{"name":"PANIC","sign":{"suit":"diamonds","rank":"rank_8"}}},{"player":1},{"player":7},{"card":{"name":"REMINGTON","sign":{"suit":"clubs","rank":"rank_K"}}}]}}}
{"game_update":{"game_log":{"format_str":"LOG_EQUIPPED_CARD","format_args":[{"card":{"name":"REMINGTON","sign":{"suit":"clubs","rank":"rank_K"}}},{"player":1}]}}}
{"game_update":{"game_log":{"format_str":"LOG_DISCARDED_SELF_CARD","format_args":[{"player":1},{"card":{"name":"SCHOFIELD","sign":{"suit":"clubs","rank":"rank_Q"}}}]}}}
{"game_update":{"game_log":{"format_str":"LOG_TURN_START","format_args":[{"player":3}]}}}
{"game_update":{"game_log":{"format_str":"LOG_DRAWN_CARDS","format_args":[{"player":3},{"integer":1}]}}}
{"game_update":{"game_log":{"format_str":"LOG_DRAWN_CARDS","format_args":[{"player":3},{"integer":1}]}}}
{"game_update":{"game_log":{"format_str":"LOG_PLAYED_TABLE_CARD","format_args":[{"card":{"name":"CANTEEN","sign":{"suit":"hearts","rank":"rank_7"}}},{"player":3}]}}}
{"game_update":{"game_log":{"format_str":"LOG_HEALED","format_args":[{"player":3},{"integer":1}]}}}
{"game_update":{"game_log":{"format_str":"LOG_EQUIPPED_CARD","format_args":[{"card":{"name":"MUSTANG","sign":{"suit":"hearts","rank":"rank_9"}}},{"player":3}]}}}
{"game_update":{"game_log":{"format_str":"LOG_EQUIPPED_CARD","format_args":[{"card":{"name":"PEPPERBOX","sign":{"suit":"hearts","rank":"rank_A"}}},{"player":3}]}}}
{"game_update":{"game_log":{"format_str":"LOG_PLAYED_CARD_ON","format_args":[{"card":{"name":"FANNING","sign":{"suit":"spades","rank":"rank_2"}}},{"player":3},{"player":1}]}}}
{"game_update":{"game_log":{"format_str":"LOG_PLAYED_CARD_ON","format_args":[{"card":{"name":"FANNING","sign":{"suit":"spades","rank":"rank_2"}}},{"player":3},{"player":7}]}}}
{"game_update":{"game_log":{"format_str":"LOG_RESPONDED_WITH_CARD","format_args":[{"card":{"name":"BARREL","sign":{"suit":"spades","rank":"rank_K"}}},{"player":1}]}}}
{"game_update":{"game_log":{"format_str":"LOG_CHECK_DREW_CARD","format_args":[{"card":{"name":"BARREL","sign":{"suit":"spades","rank":"rank_K"}}},{"player":1},{"card":{"name":"BARREL","sign":{"suit":"clubs","rank":"rank_A"}}}]}}}
{"game_update":{"game_log":{"format_str":"LOG_RESPONDED_WITH_CARD","format_args":[{"card":{"name":"MISSED","sign":{"suit":"spades","rank":"rank_2"}}},{"player":1}]}}}
{"game_update":{"game_log":{"format_str":"LOG_TAKEN_DAMAGE","format_args":[{"card":{"name":"FANNING","sign":{"suit":"spades","rank":"rank_2"}}},{"player":7},{"integer":1}]}}}
{"game_update":{"game_log":{"format_str":"LOG_DRAWN_CARD","format_args":[{"player":2},{"card":{"name":"BARREL","sign":{"suit":"clubs","rank":"rank_A"}}}]}}}
{"game_update":{"game_log":{"format_str":"LOG_PLAYED_CHARACTER","format_args":[{"card":{"name":"DER_SPOT_BURST_RINGER","sign":{"suit":"none","rank":"none"}}},{"player":3}]}}}
{"game_update":{"game_log":{"format_str":"LOG_PLAYED_CARD_AS_GATLING","format_args":[{"card":{"name":"BANG","sign":{"suit":"clubs","rank":"rank_7"}}},{"player":3}]}}}
{"game_update":{"game_log":{"format_str":"LOG_TAKEN_DAMAGE_AS_GATLING","format_args":[{"card":{"name":"BANG","sign":{"suit":"clubs","rank":"rank_7"}}},{"player":2}]}}}
{"game_update":{"game_log":{"format_str":"LOG_RESPONDED_WITH_CARD","format_args":[{"card":{"name":"MISSED","sign":{"suit":"clubs","rank":"rank_K"}}},{"player":4}]}}}
{"game_update":{"game_log":{"format_str":"LOG_TAKEN_DAMAGE_AS_GATLING","format_args":[{"card":{"name":"BANG","sign":{"suit":"clubs","rank":"rank_7"}}},{"player":6}]}}}
{"game_update":{"game_log":{"format_str":"LOG_RESPONDED_WITH_CARD","format_args":[{"card":{"name":"SOMBRERO","sign":{"suit":"clubs","rank":"rank_7"}}},{"player":5}]}}}
{"game_update":{"game_log":{"format_str":"LOG_TAKEN_DAMAGE_AS_GATLING","format_args":[{"card":{"name":"BANG","sign":{"suit":"clubs","rank":"rank_7"}}},{"player":7}]}}}
{"game_update":{"game_log":{"format_str":"LOG_RESPONDED_WITH_CARD","format_args":[{"card":{"name":"BARREL","sign":{"suit":"spades","rank":"rank_K"}}},{"player":1}]}}}
{"game_update":{"game_log":{"format_str":"LOG_CHECK_DREW_CARD","format_args":[{"card":{"name":"BARREL","sign":{"suit":"spades","rank":"rank_K"}}},{"player":1},{"card":{"name":"RAG_TIME","sign":{"suit":"hearts","rank":"rank_9"}}}]}}}
{"game_update":{"game_log":{"format_str":"LOG_CARD_HAS_EFFECT","format_args":[{"card":{"name":"BARREL","sign":{"suit":"spades","rank":"rank_K"}}}]}}}
{"game_update":{"game_log":{"format_str":"LOG_PLAYER_KILLED","format_args":[{"player":3},{"player":2}]}}}
{"game_update":{"game_log":{"format_str":"LOG_DISCARDED_SELF_CARD","format_args":[{"player":2},{"card":{"name":"BANG","sign":{"suit":"spades","rank":"rank_A"}}}]}}}